
> @onegenui/core@0.2.0 build /Users/giulioleone/Sviluppo/genUi/json-render/packages/core
> tsup

CLI Building entry: src/index.ts
CLI Using tsconfig: tsconfig.json
CLI tsup v8.5.1
CLI Using tsup config: /Users/giulioleone/Sviluppo/genUi/json-render/packages/core/tsup.config.ts
CLI Target: es2022
CLI Cleaning output folder
CJS Build start
ESM Build start
✘ [ERROR] Multiple exports with the same name "CanvasModeSchema"

    src/canvas/schemas.ts:232:2:
      232 │   CanvasModeSchema,
          ╵   ~~~~~~~~~~~~~~~~

  The name "CanvasModeSchema" was originally exported here:

    src/canvas/schemas.ts:14:13:
      14 │ export const CanvasModeSchema = z
         ╵              ~~~~~~~~~~~~~~~~

✘ [ERROR] Multiple exports with the same name "TargetAudienceSchema"

    src/canvas/schemas.ts:233:2:
      233 │   TargetAudienceSchema,
          ╵   ~~~~~~~~~~~~~~~~~~~~

  The name "TargetAudienceSchema" was originally exported here:

    src/canvas/schemas.ts:25:13:
      25 │ export const TargetAudienceSchema = z
         ╵              ~~~~~~~~~~~~~~~~~~~~

✘ [ERROR] Multiple exports with the same name "DocumentPurposeSchema"

    src/canvas/schemas.ts:234:2:
      234 │   DocumentPurposeSchema,
          ╵   ~~~~~~~~~~~~~~~~~~~~~

  The name "DocumentPurposeSchema" was originally exported here:

    src/canvas/schemas.ts:30:13:
      30 │ export const DocumentPurposeSchema = z
         ╵              ~~~~~~~~~~~~~~~~~~~~~

✘ [ERROR] Multiple exports with the same name "WritingToneSchema"

    src/canvas/schemas.ts:235:2:
      235 │   WritingToneSchema,
          ╵   ~~~~~~~~~~~~~~~~~

  The name "WritingToneSchema" was originally exported here:

    src/canvas/schemas.ts:35:13:
      35 │ export const WritingToneSchema = z
         ╵              ~~~~~~~~~~~~~~~~~

✘ [ERROR] Multiple exports with the same name "CanvasModeSchema"

    src/canvas/schemas.ts:232:2:
      232 │   CanvasModeSchema,
          ╵   ~~~~~~~~~~~~~~~~

  The name "CanvasModeSchema" was originally exported here:

    src/canvas/schemas.ts:14:13:
      14 │ export const CanvasModeSchema = z
         ╵              ~~~~~~~~~~~~~~~~

✘ [ERROR] Multiple exports with the same name "TargetAudienceSchema"

    src/canvas/schemas.ts:233:2:
      233 │   TargetAudienceSchema,
          ╵   ~~~~~~~~~~~~~~~~~~~~

  The name "TargetAudienceSchema" was originally exported here:

    src/canvas/schemas.ts:25:13:
      25 │ export const TargetAudienceSchema = z
         ╵              ~~~~~~~~~~~~~~~~~~~~

✘ [ERROR] Multiple exports with the same name "DocumentPurposeSchema"

    src/canvas/schemas.ts:234:2:
      234 │   DocumentPurposeSchema,
          ╵   ~~~~~~~~~~~~~~~~~~~~~

  The name "DocumentPurposeSchema" was originally exported here:

    src/canvas/schemas.ts:30:13:
      30 │ export const DocumentPurposeSchema = z
         ╵              ~~~~~~~~~~~~~~~~~~~~~

✘ [ERROR] Multiple exports with the same name "WritingToneSchema"

    src/canvas/schemas.ts:235:2:
      235 │   WritingToneSchema,
          ╵   ~~~~~~~~~~~~~~~~~

  The name "WritingToneSchema" was originally exported here:

    src/canvas/schemas.ts:35:13:
      35 │ export const WritingToneSchema = z
         ╵              ~~~~~~~~~~~~~~~~~

CJS Build failed
Error: Build failed with 4 errors:
src/canvas/schemas.ts:232:2: ERROR: Multiple exports with the same name "CanvasModeSchema"
src/canvas/schemas.ts:233:2: ERROR: Multiple exports with the same name "TargetAudienceSchema"
src/canvas/schemas.ts:234:2: ERROR: Multiple exports with the same name "DocumentPurposeSchema"
src/canvas/schemas.ts:235:2: ERROR: Multiple exports with the same name "WritingToneSchema"
    at failureErrorWithLog (/Users/giulioleone/Sviluppo/genUi/json-render/node_modules/.pnpm/esbuild@0.27.2/node_modules/esbuild/lib/main.js:1467:15)
    at /Users/giulioleone/Sviluppo/genUi/json-render/node_modules/.pnpm/esbuild@0.27.2/node_modules/esbuild/lib/main.js:926:25
    at runOnEndCallbacks (/Users/giulioleone/Sviluppo/genUi/json-render/node_modules/.pnpm/esbuild@0.27.2/node_modules/esbuild/lib/main.js:1307:45)
    at buildResponseToResult (/Users/giulioleone/Sviluppo/genUi/json-render/node_modules/.pnpm/esbuild@0.27.2/node_modules/esbuild/lib/main.js:924:7)
    at /Users/giulioleone/Sviluppo/genUi/json-render/node_modules/.pnpm/esbuild@0.27.2/node_modules/esbuild/lib/main.js:951:16
    at responseCallbacks.<computed> (/Users/giulioleone/Sviluppo/genUi/json-render/node_modules/.pnpm/esbuild@0.27.2/node_modules/esbuild/lib/main.js:603:9)
    at handleIncomingPacket (/Users/giulioleone/Sviluppo/genUi/json-render/node_modules/.pnpm/esbuild@0.27.2/node_modules/esbuild/lib/main.js:658:12)
    at Socket.readFromStdout (/Users/giulioleone/Sviluppo/genUi/json-render/node_modules/.pnpm/esbuild@0.27.2/node_modules/esbuild/lib/main.js:581:7)
    at Socket.emit (node:events:524:28)
    at addChunk (node:internal/streams/readable:561:12)
ESM Build failed
DTS Build start
src/canvas/schemas.ts(14,14): error TS2323: Cannot redeclare exported variable 'CanvasModeSchema'.
src/canvas/schemas.ts(25,14): error TS2323: Cannot redeclare exported variable 'TargetAudienceSchema'.
src/canvas/schemas.ts(30,14): error TS2323: Cannot redeclare exported variable 'DocumentPurposeSchema'.
src/canvas/schemas.ts(35,14): error TS2323: Cannot redeclare exported variable 'WritingToneSchema'.
src/canvas/schemas.ts(215,15): error TS2554: Expected 2-3 arguments, but got 1.
src/canvas/schemas.ts(232,3): error TS2323: Cannot redeclare exported variable 'CanvasModeSchema'.
src/canvas/schemas.ts(232,3): error TS2484: Export declaration conflicts with exported declaration of 'CanvasModeSchema'.
src/canvas/schemas.ts(233,3): error TS2323: Cannot redeclare exported variable 'TargetAudienceSchema'.
src/canvas/schemas.ts(233,3): error TS2484: Export declaration conflicts with exported declaration of 'TargetAudienceSchema'.
src/canvas/schemas.ts(234,3): error TS2323: Cannot redeclare exported variable 'DocumentPurposeSchema'.
src/canvas/schemas.ts(234,3): error TS2484: Export declaration conflicts with exported declaration of 'DocumentPurposeSchema'.
src/canvas/schemas.ts(235,3): error TS2323: Cannot redeclare exported variable 'WritingToneSchema'.
src/canvas/schemas.ts(235,3): error TS2484: Export declaration conflicts with exported declaration of 'WritingToneSchema'.

DTS Build error
 ELIFECYCLE  Command failed with exit code 1.
